INFO  11:19:17 Application started. Press Ctrl+C to shut down.
INFO  11:19:17 Hosting environment: Development
INFO  11:19:17 Content root path: C:\Users\pawan\Desktop\Audit Management System Solution\AuditManagementProject-master\AuthorizationWebAPI
WARN  11:19:54 Failed to determine the https port for redirect.
INFO  11:22:32 Application started. Press Ctrl+C to shut down.
INFO  11:22:32 Hosting environment: Development
INFO  11:22:32 Content root path: C:\Users\pawan\Desktop\Audit Management System Solution\AuditManagementProject-master\AuthorizationWebAPI
WARN  11:22:48 Failed to determine the https port for redirect.
INFO  11:22:49  Http Post request
INFO  11:48:22 Application started. Press Ctrl+C to shut down.
INFO  11:48:22 Hosting environment: Development
INFO  11:48:22 Content root path: C:\Users\pawan\Desktop\Audit Management System Solution\AuditManagementProject-master\AuthorizationWebAPI
WARN  11:49:22 Failed to determine the https port for redirect.
INFO  11:49:23  Http Post request
INFO  12:22:05 Application started. Press Ctrl+C to shut down.
INFO  12:22:05 Hosting environment: Development
INFO  12:22:05 Content root path: C:\Users\pawan\Desktop\Audit Management System Solution\AuditManagementProject-master\AuthorizationWebAPI
WARN  12:22:25 Failed to determine the https port for redirect.
INFO  12:22:25  Http Post request
INFO  12:22:33  Http Post request
